<?xml version="1.0" encoding="UTF-8"?>
<!-- Generated by org.testng.reporters.JUnitReportReporter -->
<testsuite hostname="DESKTOP-042KE08" failures="0" tests="3" name="testngs.Test1" time="0.021" errors="0" timestamp="2023-08-10T14:57:52 IST" skipped="0">
  <testcase classname="testngs.Test1" name="login" time="0.016"/>
  <system-out/>
  <testcase classname="testngs.Test1" name="cart" time="0.002"/>
  <system-out/>
  <testcase classname="testngs.Test1" name="payment" time="0.003"/>
  <system-out/>
</testsuite> <!-- testngs.Test1 -->
