<?xml version="1.0" encoding="UTF-8"?>
<!-- Generated by org.testng.reporters.JUnitReportReporter -->
<testsuite hostname="DESKTOP-042KE08" failures="0" tests="2" name="testngs.Website" time="17.856" errors="0" timestamp="2023-08-28T11:22:31 IST" skipped="0">
  <testcase classname="testngs.Website" name="amazon" time="8.780"/>
  <system-out/>
  <testcase classname="testngs.Website" name="flipkart" time="9.076"/>
  <system-out/>
</testsuite> <!-- testngs.Website -->
