<?xml version="1.0" encoding="UTF-8"?>
<!-- Generated by org.testng.reporters.JUnitReportReporter -->
<testsuite hostname="DESKTOP-042KE08" failures="0" tests="2" name="testngs.TestNG_Listener" time="17.896" errors="0" timestamp="2023-08-25T14:12:27 IST" skipped="0">
  <testcase classname="testngs.TestNG_Listener" name="amazon" time="10.997"/>
  <system-out/>
  <testcase classname="testngs.TestNG_Listener" name="flipkart" time="6.899"/>
  <system-out/>
</testsuite> <!-- testngs.TestNG_Listener -->
