<?xml version="1.0" encoding="UTF-8"?>
<!-- Generated by org.testng.reporters.JUnitReportReporter -->
<testsuite hostname="DESKTOP-042KE08" failures="0" tests="1" name="testngs.Exceldataget" time="1.438" errors="0" timestamp="2023-08-11T16:17:11 IST" skipped="0">
  <testcase classname="testngs.Exceldataget" name="getdata" time="1.438"/>
  <system-out/>
</testsuite> <!-- testngs.Exceldataget -->
