<?xml version="1.0" encoding="UTF-8"?>
<!-- Generated by org.testng.reporters.JUnitReportReporter -->
<testsuite hostname="DESKTOP-042KE08" failures="0" tests="2" name="testngs.Animals" time="0.832" errors="0" timestamp="2023-08-11T14:40:30 IST" skipped="0">
  <testcase classname="testngs.Animals" name="test1" time="0.828"/>
  <system-out/>
  <testcase classname="testngs.Animals" name="test2" time="0.004"/>
  <system-out/>
</testsuite> <!-- testngs.Animals -->
